<?xml version="1.0" encoding="UTF-8"?>
<testsuite xmlns:xsi="http://www.w3.org/2001/XMLSchema-instance" xsi:noNamespaceSchemaLocation="https://maven.apache.org/surefire/maven-surefire-plugin/xsd/surefire-test-report-3.0.xsd" version="3.0" name="org.gic.BookingManagerTest" time="0.18" tests="9" errors="0" skipped="0" failures="0">
  <properties>
    <property name="java.specification.version" value="21"/>
    <property name="sun.cpu.isalist" value="amd64"/>
    <property name="sun.jnu.encoding" value="Cp1252"/>
    <property name="java.class.path" value="C:\Users\Irfan\OneDrive\Documents\GIC\GICTest\target\test-classes;C:\Users\Irfan\OneDrive\Documents\GIC\GICTest\target\classes;C:\Users\Irfan\.m2\repository\org\junit\jupiter\junit-jupiter-api\5.9.0\junit-jupiter-api-5.9.0.jar;C:\Users\Irfan\.m2\repository\org\opentest4j\opentest4j\1.2.0\opentest4j-1.2.0.jar;C:\Users\Irfan\.m2\repository\org\junit\platform\junit-platform-commons\1.9.0\junit-platform-commons-1.9.0.jar;C:\Users\Irfan\.m2\repository\org\apiguardian\apiguardian-api\1.1.2\apiguardian-api-1.1.2.jar;"/>
    <property name="java.vm.vendor" value="Oracle Corporation"/>
    <property name="sun.arch.data.model" value="64"/>
    <property name="user.variant" value=""/>
    <property name="java.vendor.url" value="https://java.oracle.com/"/>
    <property name="user.timezone" value="Asia/Singapore"/>
    <property name="os.name" value="Windows 10"/>
    <property name="java.vm.specification.version" value="21"/>
    <property name="sun.java.launcher" value="SUN_STANDARD"/>
    <property name="user.country" value="SG"/>
    <property name="sun.boot.library.path" value="C:\Users\Irfan\.jdks\openjdk-21.0.2\bin"/>
    <property name="sun.java.command" value="C:\Users\Irfan\AppData\Local\Temp\surefire9092163409105715768\surefirebooter-20240912072039395_3.jar C:\Users\Irfan\AppData\Local\Temp\surefire9092163409105715768 2024-09-12T07-20-39_097-jvmRun1 surefire-20240912072039395_1tmp surefire_0-20240912072039395_2tmp"/>
    <property name="jdk.debug" value="release"/>
    <property name="surefire.test.class.path" value="C:\Users\Irfan\OneDrive\Documents\GIC\GICTest\target\test-classes;C:\Users\Irfan\OneDrive\Documents\GIC\GICTest\target\classes;C:\Users\Irfan\.m2\repository\org\junit\jupiter\junit-jupiter-api\5.9.0\junit-jupiter-api-5.9.0.jar;C:\Users\Irfan\.m2\repository\org\opentest4j\opentest4j\1.2.0\opentest4j-1.2.0.jar;C:\Users\Irfan\.m2\repository\org\junit\platform\junit-platform-commons\1.9.0\junit-platform-commons-1.9.0.jar;C:\Users\Irfan\.m2\repository\org\apiguardian\apiguardian-api\1.1.2\apiguardian-api-1.1.2.jar;"/>
    <property name="sun.cpu.endian" value="little"/>
    <property name="user.home" value="C:\Users\Irfan"/>
    <property name="user.language" value="en"/>
    <property name="java.specification.vendor" value="Oracle Corporation"/>
    <property name="java.version.date" value="2024-01-16"/>
    <property name="java.home" value="C:\Users\Irfan\.jdks\openjdk-21.0.2"/>
    <property name="file.separator" value="\"/>
    <property name="basedir" value="C:\Users\Irfan\OneDrive\Documents\GIC\GICTest"/>
    <property name="java.vm.compressedOopsMode" value="Zero based"/>
    <property name="line.separator" value="&#10;"/>
    <property name="java.vm.specification.vendor" value="Oracle Corporation"/>
    <property name="java.specification.name" value="Java Platform API Specification"/>
    <property name="surefire.real.class.path" value="C:\Users\Irfan\AppData\Local\Temp\surefire9092163409105715768\surefirebooter-20240912072039395_3.jar"/>
    <property name="user.script" value=""/>
    <property name="sun.management.compiler" value="HotSpot 64-Bit Tiered Compilers"/>
    <property name="java.runtime.version" value="21.0.2+13-58"/>
    <property name="user.name" value="Irfan"/>
    <property name="stdout.encoding" value="Cp1252"/>
    <property name="path.separator" value=";"/>
    <property name="os.version" value="10.0"/>
    <property name="java.runtime.name" value="OpenJDK Runtime Environment"/>
    <property name="file.encoding" value="UTF-8"/>
    <property name="java.vm.name" value="OpenJDK 64-Bit Server VM"/>
    <property name="localRepository" value="C:\Users\Irfan\.m2\repository"/>
    <property name="java.vendor.url.bug" value="https://bugreport.java.com/bugreport/"/>
    <property name="java.io.tmpdir" value="C:\Users\Irfan\AppData\Local\Temp\"/>
    <property name="idea.version" value="2024.1.6"/>
    <property name="java.version" value="21.0.2"/>
    <property name="user.dir" value="C:\Users\Irfan\OneDrive\Documents\GIC\GICTest"/>
    <property name="os.arch" value="amd64"/>
    <property name="java.vm.specification.name" value="Java Virtual Machine Specification"/>
    <property name="sun.os.patch.level" value=""/>
    <property name="native.encoding" value="Cp1252"/>
    <property name="java.library.path" value="C:\Users\Irfan\.jdks\openjdk-21.0.2\bin;C:\Windows\Sun\Java\bin;C:\Windows\system32;C:\Windows;C:\Windows\system32;C:\Windows;C:\Windows\System32\Wbem;C:\Windows\System32\WindowsPowerShell\v1.0\;C:\Windows\System32\OpenSSH\;C:\Program Files\Git\cmd;C:\Program Files\dotnet\;C:\Users\Irfan\.jdks\openjdk-21.0.2\bin;C:\Program Files\MySQL\MySQL Shell 8.4\bin\;C:\Program Files\MySQL\MySQL Shell 8.0\bin\;C:\Users\Irfan\AppData\Local\Microsoft\WindowsApps;C:\Program Files\JetBrains\IntelliJ IDEA Community Edition 2023.3.4\bin;;C:\Users\Irfan\AppData\Local\Programs\oh-my-posh\bin;C:\Users\Irfan\AppData\Local\Programs\Microsoft VS Code\bin;C:\Users\Irfan\.jdks\openjdk-21.0.2\bin;;."/>
    <property name="java.vm.info" value="mixed mode, sharing"/>
    <property name="stderr.encoding" value="Cp1252"/>
    <property name="java.vendor" value="Oracle Corporation"/>
    <property name="java.vm.version" value="21.0.2+13-58"/>
    <property name="sun.io.unicode.encoding" value="UnicodeLittle"/>
    <property name="java.class.version" value="65.0"/>
  </properties>
  <testcase name="testBookSeatsWithoutUserSelection" classname="org.gic.BookingManagerTest" time="0.026"/>
  <testcase name="testDisplayBookingId" classname="org.gic.BookingManagerTest" time="0.033">
    <system-out><![CDATA[
Successfully reserved 4 Test Movie tickets
Booking Id: GIC0001
Selected seats:

             Screen             
    -  -  -  -  -  -  -  -  -  - 
 E  •  •  •  •  •  •  •  •  •  • 
 D  •  •  •  •  •  •  •  •  •  • 
 C  •  •  •  •  •  •  •  •  •  • 
 B  •  •  •  •  •  •  •  •  •  • 
 A  •  •  •  ○  ○  ○  ○  •  •  • 
    1  2  3  4  5  6  7  8  9 10 

Booking Id: GIC0001 confirmed.

]]></system-out>
  </testcase>
  <testcase name="testConfirmSeats" classname="org.gic.BookingManagerTest" time="0.013">
    <system-out><![CDATA[
Successfully reserved 8 Test Movie tickets
Booking Id: GIC0001
Selected seats:

             Screen             
    -  -  -  -  -  -  -  -  -  - 
 E  •  •  •  •  •  •  •  •  •  • 
 D  •  •  •  •  •  •  •  •  •  • 
 C  •  •  •  •  •  •  •  •  •  • 
 B  •  •  •  •  •  •  •  •  •  • 
 A  •  ○  ○  ○  ○  ○  ○  ○  ○  • 
    1  2  3  4  5  6  7  8  9 10 

Booking Id: GIC0001 confirmed.

]]></system-out>
  </testcase>
  <testcase name="testShowBooking" classname="org.gic.BookingManagerTest" time="0.027">
    <system-out><![CDATA[
Successfully reserved 6 Test Movie tickets
Booking Id: GIC0001
Selected seats:

             Screen             
    -  -  -  -  -  -  -  -  -  - 
 E  •  •  •  •  •  •  •  •  •  • 
 D  •  •  •  •  •  •  •  •  •  • 
 C  •  •  •  •  •  •  •  •  •  • 
 B  •  •  •  •  •  •  •  •  •  • 
 A  •  •  ○  ○  ○  ○  ○  ○  •  • 
    1  2  3  4  5  6  7  8  9 10 

Booking Id: GIC0001 confirmed.


Booking Id: GIC0001
Selected seats:

             Screen             
    -  -  -  -  -  -  -  -  -  - 
 E  •  •  •  •  •  •  •  •  •  • 
 D  •  •  •  •  •  •  •  •  •  • 
 C  •  •  •  •  •  •  •  •  •  • 
 B  •  •  •  •  •  •  •  •  •  • 
 A  •  •  ○  ○  ○  ○  ○  ○  •  • 
    1  2  3  4  5  6  7  8  9 10 

]]></system-out>
  </testcase>
  <testcase name="testUpdateBooking" classname="org.gic.BookingManagerTest" time="0.012">
    <system-out><![CDATA[
Booking Id: GIC0000
Selected seats:

             Screen             
    -  -  -  -  -  -  -  -  -  - 
 E  •  •  •  •  •  •  •  •  •  • 
 D  •  •  •  •  •  •  •  •  •  • 
 C  •  •  ○  ○  ○  •  •  •  •  • 
 B  •  •  •  •  •  •  •  •  •  • 
 A  •  •  •  •  •  •  •  •  •  • 
    1  2  3  4  5  6  7  8  9 10 

Booking Id: GIC0000 confirmed.

]]></system-out>
  </testcase>
  <testcase name="testCheckAvailability" classname="org.gic.BookingManagerTest" time="0.012"/>
  <testcase name="testBookSeatsWithUserSelection" classname="org.gic.BookingManagerTest" time="0.0"/>
  <testcase name="testShowSeatMap" classname="org.gic.BookingManagerTest" time="0.0">
    <system-out><![CDATA[             Screen             
    -  -  -  -  -  -  -  -  -  - 
 E  •  •  •  •  •  •  •  •  •  • 
 D  •  •  •  •  •  •  •  •  •  • 
 C  •  •  •  •  •  •  •  •  •  • 
 B  •  •  •  •  •  •  •  •  •  • 
 A  ○  ○  ○  ○  ○  ○  ○  ○  ○  ○ 
    1  2  3  4  5  6  7  8  9 10 

]]></system-out>
  </testcase>
  <testcase name="testConstructor" classname="org.gic.BookingManagerTest" time="0.0"/>
</testsuite>